Cache size                    : 2048
Block size                    : 128
Associativity                 : 4
Read only ports               : 0
Write only ports              : 0
Read write ports              : 1
Single ended read ports       : 0
Cache banks (UCA)             : 1
Technology                    : 0.032
Temperature                   : 350
Tag size                      : 42
cache type                    : Cache
Model as memory               : 0
Access mode                   : 0
Data array cell type          : 4
Data array peripheral type    : 0
Tag array cell type           : 0
Tag array peripheral type     : 0
Design objective (UCA wt)     : 0 0 0 0 100
Design objective (UCA dev)    : 60 100000 100000 100000 1000000
Design objective (NUCA wt)    : 100 100 0 0 100
Design objective (NUCA dev)   : 10 10000 10000 10000 10000
Cache model                   : 0
Nuca bank                     : 0
Wire inside mat               : 2
Wire outside mat              : 2
Interconnect projection       : 1
Wire signalling               : 1
Cores                         : 1
Print level                   : 1
ECC overhead                  : 1
Page size                     : 8192
Burst length                  : 8
Internal prefetch width       : 8
Force cache config            : 0
ERROR: no valid tag organizations found


=== DETALHES DO ERRO ===
Parâmetros usados:
-size (bytes) 2048
-block size (bytes) 128
-associativity 4

Número de blocos: 
Número de conjuntos: 
